h:\download\code\gameframework\poco\data\mysql\obj\mysql\debug_shared\resultmetadata.obj
h:\download\code\gameframework\poco\data\mysql\obj\mysql\debug_shared\utility.obj
h:\download\code\gameframework\poco\data\mysql\obj\mysql\debug_shared\connector.obj
h:\download\code\gameframework\poco\data\mysql\obj\mysql\debug_shared\mysqlexception.obj
h:\download\code\gameframework\poco\data\mysql\obj\mysql\debug_shared\statementexecutor.obj
h:\download\code\gameframework\poco\data\mysql\obj\mysql\debug_shared\sessionimpl.obj
h:\download\code\gameframework\poco\data\mysql\obj\mysql\debug_shared\binder.obj
h:\download\code\gameframework\poco\data\mysql\obj\mysql\debug_shared\sessionhandle.obj
h:\download\code\gameframework\poco\data\mysql\obj\mysql\debug_shared\mysqlstatementimpl.obj
h:\download\code\gameframework\poco\data\mysql\obj\mysql\debug_shared\extractor.obj
h:\download\code\gameframework\poco\data\mysql\obj\mysql\debug_shared\vc142.pdb
h:\download\code\gameframework\poco\bin\pocodatamysqld.dll
h:\download\code\gameframework\poco\bin\pocodatamysqld.ilk
h:\download\code\gameframework\poco\bin\pocodatamysqld.pdb
h:\download\code\gameframework\poco\lib\pocodatamysqld.lib
h:\download\code\gameframework\poco\lib\pocodatamysqld.exp
h:\download\code\gameframework\poco\data\mysql\obj\mysql\debug_shared\dllversion.res
h:\download\code\gameframework\poco\data\mysql\..\..\bin\pocodatamysqld.dll
h:\download\code\gameframework\poco\data\mysql\obj\mysql\debug_shared\mysql.tlog\cl.14280.write.1.tlog
h:\download\code\gameframework\poco\data\mysql\obj\mysql\debug_shared\mysql.tlog\cl.command.1.tlog
h:\download\code\gameframework\poco\data\mysql\obj\mysql\debug_shared\mysql.tlog\cl.read.1.tlog
h:\download\code\gameframework\poco\data\mysql\obj\mysql\debug_shared\mysql.tlog\link.command.1.tlog
h:\download\code\gameframework\poco\data\mysql\obj\mysql\debug_shared\mysql.tlog\link.delete.1.tlog
h:\download\code\gameframework\poco\data\mysql\obj\mysql\debug_shared\mysql.tlog\link.read.1.tlog
h:\download\code\gameframework\poco\data\mysql\obj\mysql\debug_shared\mysql.tlog\link.write.1.tlog
h:\download\code\gameframework\poco\data\mysql\obj\mysql\debug_shared\mysql.tlog\mysql.write.1u.tlog
h:\download\code\gameframework\poco\data\mysql\obj\mysql\debug_shared\mysql.tlog\rc.command.1.tlog
h:\download\code\gameframework\poco\data\mysql\obj\mysql\debug_shared\mysql.tlog\rc.read.1.tlog
h:\download\code\gameframework\poco\data\mysql\obj\mysql\debug_shared\mysql.tlog\rc.write.1.tlog
