h:\download\code\gameframework\poco\foundation\obj\foundation\debug_shared\infback.obj
h:\download\code\gameframework\poco\foundation\obj\foundation\debug_shared\pcre_compile.obj
h:\download\code\gameframework\poco\foundation\obj\foundation\debug_shared\pcre_study.obj
h:\download\code\gameframework\poco\foundation\obj\foundation\debug_shared\trees.obj
h:\download\code\gameframework\poco\foundation\obj\foundation\debug_shared\deflate.obj
h:\download\code\gameframework\poco\foundation\obj\foundation\debug_shared\pcre_chartables.obj
h:\download\code\gameframework\poco\foundation\obj\foundation\debug_shared\pcre_jit_compile.obj
h:\download\code\gameframework\poco\foundation\obj\foundation\debug_shared\pcre_ord2utf8.obj
h:\download\code\gameframework\poco\foundation\obj\foundation\debug_shared\pcre_ucd.obj
h:\download\code\gameframework\poco\foundation\obj\foundation\debug_shared\adler32.obj
h:\download\code\gameframework\poco\foundation\obj\foundation\debug_shared\pcre_byte_order.obj
h:\download\code\gameframework\poco\foundation\obj\foundation\debug_shared\pcre_maketables.obj
h:\download\code\gameframework\poco\foundation\obj\foundation\debug_shared\pcre_tables.obj
h:\download\code\gameframework\poco\foundation\obj\foundation\debug_shared\inftrees.obj
h:\download\code\gameframework\poco\foundation\obj\foundation\debug_shared\pcre_fullinfo.obj
h:\download\code\gameframework\poco\foundation\obj\foundation\debug_shared\pcre_globals.obj
h:\download\code\gameframework\poco\foundation\obj\foundation\debug_shared\pcre_string_utils.obj
h:\download\code\gameframework\poco\foundation\obj\foundation\debug_shared\pcre_version.obj
h:\download\code\gameframework\poco\foundation\obj\foundation\debug_shared\inffast.obj
h:\download\code\gameframework\poco\foundation\obj\foundation\debug_shared\pcre_dfa_exec.obj
h:\download\code\gameframework\poco\foundation\obj\foundation\debug_shared\pcre_valid_utf8.obj
h:\download\code\gameframework\poco\foundation\obj\foundation\debug_shared\crc32.obj
h:\download\code\gameframework\poco\foundation\obj\foundation\debug_shared\pcre_exec.obj
h:\download\code\gameframework\poco\foundation\obj\foundation\debug_shared\compress.obj
h:\download\code\gameframework\poco\foundation\obj\foundation\debug_shared\pcre_config.obj
h:\download\code\gameframework\poco\foundation\obj\foundation\debug_shared\pcre_refcount.obj
h:\download\code\gameframework\poco\foundation\obj\foundation\debug_shared\zutil.obj
h:\download\code\gameframework\poco\foundation\obj\foundation\debug_shared\inflate.obj
h:\download\code\gameframework\poco\foundation\obj\foundation\debug_shared\pcre_get.obj
h:\download\code\gameframework\poco\foundation\obj\foundation\debug_shared\pcre_newline.obj
h:\download\code\gameframework\poco\foundation\obj\foundation\debug_shared\pcre_xclass.obj
h:\download\code\gameframework\poco\foundation\obj\foundation\debug_shared\activedispatcher.obj
h:\download\code\gameframework\poco\foundation\obj\foundation\debug_shared\binaryreader.obj
h:\download\code\gameframework\poco\foundation\obj\foundation\debug_shared\datauristream.obj
h:\download\code\gameframework\poco\foundation\obj\foundation\debug_shared\digeststream.obj
h:\download\code\gameframework\poco\foundation\obj\foundation\debug_shared\eventchannel.obj
h:\download\code\gameframework\poco\foundation\obj\foundation\debug_shared\glob.obj
h:\download\code\gameframework\poco\foundation\obj\foundation\debug_shared\latin2encoding.obj
h:\download\code\gameframework\poco\foundation\obj\foundation\debug_shared\memorypool.obj
h:\download\code\gameframework\poco\foundation\obj\foundation\debug_shared\notificationcenter.obj
h:\download\code\gameframework\poco\foundation\obj\foundation\debug_shared\patternformatter.obj
h:\download\code\gameframework\poco\foundation\obj\foundation\debug_shared\runnable.obj
h:\download\code\gameframework\poco\foundation\obj\foundation\debug_shared\streamchannel.obj
h:\download\code\gameframework\poco\foundation\obj\foundation\debug_shared\tasknotification.obj
h:\download\code\gameframework\poco\foundation\obj\foundation\debug_shared\threadlocal.obj
h:\download\code\gameframework\poco\foundation\obj\foundation\debug_shared\uristreamfactory.obj
h:\download\code\gameframework\poco\foundation\obj\foundation\debug_shared\var.obj
h:\download\code\gameframework\poco\foundation\obj\foundation\debug_shared\ascii.obj
h:\download\code\gameframework\poco\foundation\obj\foundation\debug_shared\checksum.obj
h:\download\code\gameframework\poco\foundation\obj\foundation\debug_shared\datauristreamfactory.obj
h:\download\code\gameframework\poco\foundation\obj\foundation\debug_shared\directoryiterator.obj
h:\download\code\gameframework\poco\foundation\obj\foundation\debug_shared\eventlogchannel.obj
h:\download\code\gameframework\poco\foundation\obj\foundation\debug_shared\fpenvironment.obj
h:\download\code\gameframework\poco\foundation\obj\foundation\debug_shared\latin1encoding.obj
h:\download\code\gameframework\poco\foundation\obj\foundation\debug_shared\loggingregistry.obj
h:\download\code\gameframework\poco\foundation\obj\foundation\debug_shared\nesteddiagnosticcontext.obj
h:\download\code\gameframework\poco\foundation\obj\foundation\debug_shared\path.obj
h:\download\code\gameframework\poco\foundation\obj\foundation\debug_shared\refcountedobject.obj
h:\download\code\gameframework\poco\foundation\obj\foundation\debug_shared\sha2engine.obj
h:\download\code\gameframework\poco\foundation\obj\foundation\debug_shared\streamconverter.obj
h:\download\code\gameframework\poco\foundation\obj\foundation\debug_shared\teestream.obj
h:\download\code\gameframework\poco\foundation\obj\foundation\debug_shared\timednotificationqueue.obj
h:\download\code\gameframework\poco\foundation\obj\foundation\debug_shared\uristreamopener.obj
h:\download\code\gameframework\poco\foundation\obj\foundation\debug_shared\variterator.obj
h:\download\code\gameframework\poco\foundation\obj\foundation\debug_shared\atomiccounter.obj
h:\download\code\gameframework\poco\foundation\obj\foundation\debug_shared\base32encoder.obj
h:\download\code\gameframework\poco\foundation\obj\foundation\debug_shared\clock.obj
h:\download\code\gameframework\poco\foundation\obj\foundation\debug_shared\datetimeformat.obj
h:\download\code\gameframework\poco\foundation\obj\foundation\debug_shared\directoryiteratorstrategy.obj
h:\download\code\gameframework\poco\foundation\obj\foundation\debug_shared\eventargs.obj
h:\download\code\gameframework\poco\foundation\obj\foundation\debug_shared\filechannel.obj
h:\download\code\gameframework\poco\foundation\obj\foundation\debug_shared\hash.obj
h:\download\code\gameframework\poco\foundation\obj\foundation\debug_shared\latin9encoding.obj
h:\download\code\gameframework\poco\foundation\obj\foundation\debug_shared\logstream.obj
h:\download\code\gameframework\poco\foundation\obj\foundation\debug_shared\message.obj
h:\download\code\gameframework\poco\foundation\obj\foundation\debug_shared\nullstream.obj
h:\download\code\gameframework\poco\foundation\obj\foundation\debug_shared\pipe.obj
h:\download\code\gameframework\poco\foundation\obj\foundation\debug_shared\random.obj
h:\download\code\gameframework\poco\foundation\obj\foundation\debug_shared\semaphore.obj
h:\download\code\gameframework\poco\foundation\obj\foundation\debug_shared\splitterchannel.obj
h:\download\code\gameframework\poco\foundation\obj\foundation\debug_shared\task.obj
h:\download\code\gameframework\poco\foundation\obj\foundation\debug_shared\textiterator.obj
h:\download\code\gameframework\poco\foundation\obj\foundation\debug_shared\timer.obj
h:\download\code\gameframework\poco\foundation\obj\foundation\debug_shared\uri.obj
h:\download\code\gameframework\poco\foundation\obj\foundation\debug_shared\uuid.obj
h:\download\code\gameframework\poco\foundation\obj\foundation\debug_shared\windows1251encoding.obj
h:\download\code\gameframework\poco\foundation\obj\foundation\debug_shared\abstractobserver.obj
h:\download\code\gameframework\poco\foundation\obj\foundation\debug_shared\bugcheck.obj
h:\download\code\gameframework\poco\foundation\obj\foundation\debug_shared\datetime.obj
h:\download\code\gameframework\poco\foundation\obj\foundation\debug_shared\deflatingstream.obj
h:\download\code\gameframework\poco\foundation\obj\foundation\debug_shared\errorhandler.obj
h:\download\code\gameframework\poco\foundation\obj\foundation\debug_shared\filestream.obj
h:\download\code\gameframework\poco\foundation\obj\foundation\debug_shared\inflatingstream.obj
h:\download\code\gameframework\poco\foundation\obj\foundation\debug_shared\loggingfactory.obj
h:\download\code\gameframework\poco\foundation\obj\foundation\debug_shared\namedmutex.obj
h:\download\code\gameframework\poco\foundation\obj\foundation\debug_shared\numberparser.obj
h:\download\code\gameframework\poco\foundation\obj\foundation\debug_shared\process.obj
h:\download\code\gameframework\poco\foundation\obj\foundation\debug_shared\sharedlibrary.obj
h:\download\code\gameframework\poco\foundation\obj\foundation\debug_shared\streamcopier.obj
h:\download\code\gameframework\poco\foundation\obj\foundation\debug_shared\textconverter.obj
h:\download\code\gameframework\poco\foundation\obj\foundation\debug_shared\timestamp.obj
h:\download\code\gameframework\poco\foundation\obj\foundation\debug_shared\utf16encoding.obj
h:\download\code\gameframework\poco\foundation\obj\foundation\debug_shared\varholder.obj
h:\download\code\gameframework\poco\foundation\obj\foundation\debug_shared\asyncchannel.obj
h:\download\code\gameframework\poco\foundation\obj\foundation\debug_shared\base64decoder.obj
h:\download\code\gameframework\poco\foundation\obj\foundation\debug_shared\condition.obj
h:\download\code\gameframework\poco\foundation\obj\foundation\debug_shared\datetimeparser.obj
h:\download\code\gameframework\poco\foundation\obj\foundation\debug_shared\directorywatcher.obj
h:\download\code\gameframework\poco\foundation\obj\foundation\debug_shared\file.obj
h:\download\code\gameframework\poco\foundation\obj\foundation\debug_shared\formattingchannel.obj
h:\download\code\gameframework\poco\foundation\obj\foundation\debug_shared\hexbinarydecoder.obj
h:\download\code\gameframework\poco\foundation\obj\foundation\debug_shared\localdatetime.obj
h:\download\code\gameframework\poco\foundation\obj\foundation\debug_shared\md5engine.obj
h:\download\code\gameframework\poco\foundation\obj\foundation\debug_shared\mutex.obj
h:\download\code\gameframework\poco\foundation\obj\foundation\debug_shared\nullchannel.obj
h:\download\code\gameframework\poco\foundation\obj\foundation\debug_shared\pipestream.obj
h:\download\code\gameframework\poco\foundation\obj\foundation\debug_shared\purgestrategy.obj
h:\download\code\gameframework\poco\foundation\obj\foundation\debug_shared\sha1engine.obj
h:\download\code\gameframework\poco\foundation\obj\foundation\debug_shared\sorteddirectoryiterator.obj
h:\download\code\gameframework\poco\foundation\obj\foundation\debug_shared\synchronizedobject.obj
h:\download\code\gameframework\poco\foundation\obj\foundation\debug_shared\textbufferiterator.obj
h:\download\code\gameframework\poco\foundation\obj\foundation\debug_shared\threadpool.obj
h:\download\code\gameframework\poco\foundation\obj\foundation\debug_shared\token.obj
h:\download\code\gameframework\poco\foundation\obj\foundation\debug_shared\utf8encoding.obj
h:\download\code\gameframework\poco\foundation\obj\foundation\debug_shared\windows1250encoding.obj
h:\download\code\gameframework\poco\foundation\obj\foundation\debug_shared\asciiencoding.obj
h:\download\code\gameframework\poco\foundation\obj\foundation\debug_shared\base64encoder.obj
h:\download\code\gameframework\poco\foundation\obj\foundation\debug_shared\countingstream.obj
h:\download\code\gameframework\poco\foundation\obj\foundation\debug_shared\digestengine.obj
h:\download\code\gameframework\poco\foundation\obj\foundation\debug_shared\event.obj
h:\download\code\gameframework\poco\foundation\obj\foundation\debug_shared\filestreamfactory.obj
h:\download\code\gameframework\poco\foundation\obj\foundation\debug_shared\jsonstring.obj
h:\download\code\gameframework\poco\foundation\obj\foundation\debug_shared\logger.obj
h:\download\code\gameframework\poco\foundation\obj\foundation\debug_shared\notification.obj
h:\download\code\gameframework\poco\foundation\obj\foundation\debug_shared\numericstring.obj
h:\download\code\gameframework\poco\foundation\obj\foundation\debug_shared\regularexpression.obj
h:\download\code\gameframework\poco\foundation\obj\foundation\debug_shared\sharedmemory.obj
h:\download\code\gameframework\poco\foundation\obj\foundation\debug_shared\taskmanager.obj
h:\download\code\gameframework\poco\foundation\obj\foundation\debug_shared\thread.obj
h:\download\code\gameframework\poco\foundation\obj\foundation\debug_shared\unicodeconverter.obj
h:\download\code\gameframework\poco\foundation\obj\foundation\debug_shared\uuidgenerator.obj
h:\download\code\gameframework\poco\foundation\obj\foundation\debug_shared\windowsconsolechannel.obj
h:\download\code\gameframework\poco\foundation\obj\foundation\debug_shared\archivestrategy.obj
h:\download\code\gameframework\poco\foundation\obj\foundation\debug_shared\binarywriter.obj
h:\download\code\gameframework\poco\foundation\obj\foundation\debug_shared\consolechannel.obj
h:\download\code\gameframework\poco\foundation\obj\foundation\debug_shared\debugger.obj
h:\download\code\gameframework\poco\foundation\obj\foundation\debug_shared\environment.obj
h:\download\code\gameframework\poco\foundation\obj\foundation\debug_shared\fifobufferstream.obj
h:\download\code\gameframework\poco\foundation\obj\foundation\debug_shared\formatter.obj
h:\download\code\gameframework\poco\foundation\obj\foundation\debug_shared\hashstatistic.obj
h:\download\code\gameframework\poco\foundation\obj\foundation\debug_shared\lineendingconverter.obj
h:\download\code\gameframework\poco\foundation\obj\foundation\debug_shared\manifest.obj
h:\download\code\gameframework\poco\foundation\obj\foundation\debug_shared\memorystream.obj
h:\download\code\gameframework\poco\foundation\obj\foundation\debug_shared\notificationqueue.obj
h:\download\code\gameframework\poco\foundation\obj\foundation\debug_shared\pipeimpl.obj
h:\download\code\gameframework\poco\foundation\obj\foundation\debug_shared\randomstream.obj
h:\download\code\gameframework\poco\foundation\obj\foundation\debug_shared\rwlock.obj
h:\download\code\gameframework\poco\foundation\obj\foundation\debug_shared\stopwatch.obj
h:\download\code\gameframework\poco\foundation\obj\foundation\debug_shared\stringtokenizer.obj
h:\download\code\gameframework\poco\foundation\obj\foundation\debug_shared\textencoding.obj
h:\download\code\gameframework\poco\foundation\obj\foundation\debug_shared\timespan.obj
h:\download\code\gameframework\poco\foundation\obj\foundation\debug_shared\unicode.obj
h:\download\code\gameframework\poco\foundation\obj\foundation\debug_shared\utf8string.obj
h:\download\code\gameframework\poco\foundation\obj\foundation\debug_shared\windows1252encoding.obj
h:\download\code\gameframework\poco\foundation\obj\foundation\debug_shared\base32decoder.obj
h:\download\code\gameframework\poco\foundation\obj\foundation\debug_shared\channel.obj
h:\download\code\gameframework\poco\foundation\obj\foundation\debug_shared\configurable.obj
h:\download\code\gameframework\poco\foundation\obj\foundation\debug_shared\datetimeformatter.obj
h:\download\code\gameframework\poco\foundation\obj\foundation\debug_shared\error.obj
h:\download\code\gameframework\poco\foundation\obj\foundation\debug_shared\exception.obj
h:\download\code\gameframework\poco\foundation\obj\foundation\debug_shared\format.obj
h:\download\code\gameframework\poco\foundation\obj\foundation\debug_shared\hexbinaryencoder.obj
h:\download\code\gameframework\poco\foundation\obj\foundation\debug_shared\logfile.obj
h:\download\code\gameframework\poco\foundation\obj\foundation\debug_shared\md4engine.obj
h:\download\code\gameframework\poco\foundation\obj\foundation\debug_shared\namedevent.obj
h:\download\code\gameframework\poco\foundation\obj\foundation\debug_shared\numberformatter.obj
h:\download\code\gameframework\poco\foundation\obj\foundation\debug_shared\prioritynotificationqueue.obj
h:\download\code\gameframework\poco\foundation\obj\foundation\debug_shared\rotatestrategy.obj
h:\download\code\gameframework\poco\foundation\obj\foundation\debug_shared\simplefilechannel.obj
h:\download\code\gameframework\poco\foundation\obj\foundation\debug_shared\streamtokenizer.obj
h:\download\code\gameframework\poco\foundation\obj\foundation\debug_shared\temporaryfile.obj
h:\download\code\gameframework\poco\foundation\obj\foundation\debug_shared\threadtarget.obj
h:\download\code\gameframework\poco\foundation\obj\foundation\debug_shared\timezone.obj
h:\download\code\gameframework\poco\foundation\obj\foundation\debug_shared\utf32encoding.obj
h:\download\code\gameframework\poco\foundation\obj\foundation\debug_shared\void.obj
h:\download\code\gameframework\poco\foundation\obj\foundation\debug_shared\vc142.pdb
h:\download\code\gameframework\poco\foundation\src\pocomsg.rc
h:\download\code\gameframework\poco\foundation\src\pocomsg.h
h:\download\code\gameframework\poco\lib\pocofoundationd.lib
h:\download\code\gameframework\poco\lib\pocofoundationd.exp
h:\download\code\gameframework\poco\bin\pocofoundationd.ilk
h:\download\code\gameframework\poco\bin\pocofoundationd.dll
h:\download\code\gameframework\poco\bin\pocofoundationd.pdb
h:\download\code\gameframework\poco\foundation\obj\foundation\debug_shared\dllversion.res
h:\download\code\gameframework\poco\foundation\obj\foundation\debug_shared\pocomsg.res
h:\download\code\gameframework\poco\foundation\..\bin\pocofoundationd.dll
h:\download\code\gameframework\poco\foundation\obj\foundation\debug_shared\foundation.tlog\cl.10128.write.1.tlog
h:\download\code\gameframework\poco\foundation\obj\foundation\debug_shared\foundation.tlog\cl.command.1.tlog
h:\download\code\gameframework\poco\foundation\obj\foundation\debug_shared\foundation.tlog\cl.read.1.tlog
h:\download\code\gameframework\poco\foundation\obj\foundation\debug_shared\foundation.tlog\custombuild.command.1.tlog
h:\download\code\gameframework\poco\foundation\obj\foundation\debug_shared\foundation.tlog\custombuild.read.1.tlog
h:\download\code\gameframework\poco\foundation\obj\foundation\debug_shared\foundation.tlog\custombuild.write.1.tlog
h:\download\code\gameframework\poco\foundation\obj\foundation\debug_shared\foundation.tlog\foundation.write.1u.tlog
h:\download\code\gameframework\poco\foundation\obj\foundation\debug_shared\foundation.tlog\link.command.1.tlog
h:\download\code\gameframework\poco\foundation\obj\foundation\debug_shared\foundation.tlog\link.read.1.tlog
h:\download\code\gameframework\poco\foundation\obj\foundation\debug_shared\foundation.tlog\link.write.1.tlog
h:\download\code\gameframework\poco\foundation\obj\foundation\debug_shared\foundation.tlog\rc.command.1.tlog
h:\download\code\gameframework\poco\foundation\obj\foundation\debug_shared\foundation.tlog\rc.read.1.tlog
h:\download\code\gameframework\poco\foundation\obj\foundation\debug_shared\foundation.tlog\rc.write.1.tlog
