  DatagramSocket.cpp
  DatagramSocketImpl.cpp
  DialogSocket.cpp
  FTPClientSession.cpp
  FTPStreamFactory.cpp
  HTTPChunkedStream.cpp
  HTTPClientSession.cpp
  HTTPFixedLengthStream.cpp
  HTTPHeaderStream.cpp
  HTTPIOStream.cpp
  HTTPServer.cpp
  HTTPServerConnection.cpp
  HTTPServerConnectionFactory.cpp
  HTTPServerRequestImpl.cpp
  HTTPServerResponseImpl.cpp
  HTTPServerSession.cpp
  HTTPSession.cpp
  HTTPSessionFactory.cpp
  HTTPSessionInstantiator.cpp
  HTTPStream.cpp
  HTTPStreamFactory.cpp
  ICMPClient.cpp
  ICMPPacket.cpp
  ICMPPacketImpl.cpp
  ICMPSocket.cpp
  ICMPSocketImpl.cpp
  ICMPv4PacketImpl.cpp
  MulticastSocket.cpp
  NTPClient.cpp
  NetworkInterface.cpp
  POP3ClientSession.cpp
  PollSet.cpp
  RawSocket.cpp
  RawSocketImpl.cpp
  RemoteSyslogChannel.cpp
  RemoteSyslogListener.cpp
  SMTPChannel.cpp
  SMTPClientSession.cpp
  ServerSocket.cpp
  ServerSocketImpl.cpp
  Socket.cpp
  SocketImpl.cpp
  SocketNotification.cpp
  SocketNotifier.cpp
  SocketReactor.cpp
  SocketStream.cpp
  StreamSocket.cpp
  StreamSocketImpl.cpp
  TCPServer.cpp
  TCPServerConnection.cpp
  TCPServerConnectionFactory.cpp
  TCPServerDispatcher.cpp
  UDPClient.cpp
  WebSocket.cpp
  WebSocketImpl.cpp
    正在创建库 ..\lib\PocoNetd.lib 和对象 ..\lib\PocoNetd.exp
  Net_vs160.vcxproj -> H:\download\code\GameFramework\Poco\Net\..\bin\PocoNetd.dll
  已复制         1 个文件。
